<?xml version="1.0" encoding="UTF-8"?>
<!-- Generated by org.testng.reporters.JUnitXMLReporter -->
<testsuite hostname="DESKTOP-G4M0PBI" name="DataDriven Testing" tests="2" failures="0" timestamp="18 Dec 2017 01:39:15 GMT" time="47.775" errors="0">
  <testcase name="registerClick" time="0.502" classname="com.DataDrivenTesting.NewUserRegistration_ExcelTestData"/>
  <testcase name="registerUser" time="24.506" classname="com.DataDrivenTesting.NewUserRegistration_ExcelTestData"/>
</testsuite> <!-- DataDriven Testing -->
